nohup: ignoring input
Traceback (most recent call last):
  File "calculate_features.py", line 14, in <module>
    from sklearn import preprocessing as sklearn_preprocessing
ModuleNotFoundError: No module named 'sklearn'
Traceback (most recent call last):
  File "preprocess.py", line 10, in <module>
    from filenames import IMAGE, SEGMENTATION, T1, T2, T1C
  File "/home/user1/Documents/Bone-MRI/filenames.py", line 33, in <module>
    reader = csv.reader(open(config.CHOP_IDS))
FileNotFoundError: [Errno 2] No such file or directory: '/home/sopeeweje/bone_master/chopIDs.csv'
Using TensorFlow backend.
/home/user1/.local/share/virtualenvs/Bone-MRI-iLizu8rs/lib/python3.6/site-packages/tensorflow/python/framework/dtypes.py:516: FutureWarning: Passing (type, 1) or '1type' as a synonym of type is deprecated; in a future version of numpy, it will be understood as (type, (1,)) / '(1,)type'.
  _np_qint8 = np.dtype([("qint8", np.int8, 1)])
/home/user1/.local/share/virtualenvs/Bone-MRI-iLizu8rs/lib/python3.6/site-packages/tensorflow/python/framework/dtypes.py:517: FutureWarning: Passing (type, 1) or '1type' as a synonym of type is deprecated; in a future version of numpy, it will be understood as (type, (1,)) / '(1,)type'.
  _np_quint8 = np.dtype([("quint8", np.uint8, 1)])
/home/user1/.local/share/virtualenvs/Bone-MRI-iLizu8rs/lib/python3.6/site-packages/tensorflow/python/framework/dtypes.py:518: FutureWarning: Passing (type, 1) or '1type' as a synonym of type is deprecated; in a future version of numpy, it will be understood as (type, (1,)) / '(1,)type'.
  _np_qint16 = np.dtype([("qint16", np.int16, 1)])
/home/user1/.local/share/virtualenvs/Bone-MRI-iLizu8rs/lib/python3.6/site-packages/tensorflow/python/framework/dtypes.py:519: FutureWarning: Passing (type, 1) or '1type' as a synonym of type is deprecated; in a future version of numpy, it will be understood as (type, (1,)) / '(1,)type'.
  _np_quint16 = np.dtype([("quint16", np.uint16, 1)])
/home/user1/.local/share/virtualenvs/Bone-MRI-iLizu8rs/lib/python3.6/site-packages/tensorflow/python/framework/dtypes.py:520: FutureWarning: Passing (type, 1) or '1type' as a synonym of type is deprecated; in a future version of numpy, it will be understood as (type, (1,)) / '(1,)type'.
  _np_qint32 = np.dtype([("qint32", np.int32, 1)])
/home/user1/.local/share/virtualenvs/Bone-MRI-iLizu8rs/lib/python3.6/site-packages/tensorflow/python/framework/dtypes.py:525: FutureWarning: Passing (type, 1) or '1type' as a synonym of type is deprecated; in a future version of numpy, it will be understood as (type, (1,)) / '(1,)type'.
  np_resource = np.dtype([("resource", np.ubyte, 1)])
/home/user1/.local/share/virtualenvs/Bone-MRI-iLizu8rs/lib/python3.6/site-packages/tensorboard/compat/tensorflow_stub/dtypes.py:541: FutureWarning: Passing (type, 1) or '1type' as a synonym of type is deprecated; in a future version of numpy, it will be understood as (type, (1,)) / '(1,)type'.
  _np_qint8 = np.dtype([("qint8", np.int8, 1)])
/home/user1/.local/share/virtualenvs/Bone-MRI-iLizu8rs/lib/python3.6/site-packages/tensorboard/compat/tensorflow_stub/dtypes.py:542: FutureWarning: Passing (type, 1) or '1type' as a synonym of type is deprecated; in a future version of numpy, it will be understood as (type, (1,)) / '(1,)type'.
  _np_quint8 = np.dtype([("quint8", np.uint8, 1)])
/home/user1/.local/share/virtualenvs/Bone-MRI-iLizu8rs/lib/python3.6/site-packages/tensorboard/compat/tensorflow_stub/dtypes.py:543: FutureWarning: Passing (type, 1) or '1type' as a synonym of type is deprecated; in a future version of numpy, it will be understood as (type, (1,)) / '(1,)type'.
  _np_qint16 = np.dtype([("qint16", np.int16, 1)])
/home/user1/.local/share/virtualenvs/Bone-MRI-iLizu8rs/lib/python3.6/site-packages/tensorboard/compat/tensorflow_stub/dtypes.py:544: FutureWarning: Passing (type, 1) or '1type' as a synonym of type is deprecated; in a future version of numpy, it will be understood as (type, (1,)) / '(1,)type'.
  _np_quint16 = np.dtype([("quint16", np.uint16, 1)])
/home/user1/.local/share/virtualenvs/Bone-MRI-iLizu8rs/lib/python3.6/site-packages/tensorboard/compat/tensorflow_stub/dtypes.py:545: FutureWarning: Passing (type, 1) or '1type' as a synonym of type is deprecated; in a future version of numpy, it will be understood as (type, (1,)) / '(1,)type'.
  _np_qint32 = np.dtype([("qint32", np.int32, 1)])
/home/user1/.local/share/virtualenvs/Bone-MRI-iLizu8rs/lib/python3.6/site-packages/tensorboard/compat/tensorflow_stub/dtypes.py:550: FutureWarning: Passing (type, 1) or '1type' as a synonym of type is deprecated; in a future version of numpy, it will be understood as (type, (1,)) / '(1,)type'.
  np_resource = np.dtype([("resource", np.ubyte, 1)])
Traceback (most recent call last):
  File "run.py", line 8, in <module>
    from models import models
  File "/home/user1/Documents/Bone-MRI/models.py", line 2, in <module>
    import v2
  File "/home/user1/Documents/Bone-MRI/v2.py", line 17, in <module>
    from data_gen import data, INPUT_FORM_PARAMETERS
  File "/home/user1/Documents/Bone-MRI/data_gen.py", line 20, in <module>
    from filenames import IMAGE, SEGMENTATION, T1, T2, T1C
  File "/home/user1/Documents/Bone-MRI/filenames.py", line 33, in <module>
    reader = csv.reader(open(config.CHOP_IDS))
FileNotFoundError: [Errno 2] No such file or directory: '/home/sopeeweje/bone_master/chopIDs.csv'
